#
# A fatal error has been detected by the Java Runtime Environment:
#
#  EXCEPTION_ACCESS_VIOLATION (0xc0000005) at pc=0x0000000067a92495, pid=4944, tid=3312
#
# JRE version: Java(TM) SE Runtime Environment (8.0_60-b27) (build 1.8.0_60-b27)
# Java VM: Java HotSpot(TM) 64-Bit Server VM (25.60-b23 mixed mode windows-amd64 compressed oops)
# Problematic frame:
# V  [jvm.dll+0x422495]
#
# Failed to write core dump. Minidumps are not enabled by default on client versions of Windows
#
# If you would like to submit a bug report, please visit:
#   http://bugreport.java.com/bugreport/crash.jsp
#

---------------  T H R E A D  ---------------

Current thread (0x000000001452d000):  JavaThread "C1 CompilerThread2" daemon [_thread_in_native, id=3312, stack(0x0000000015ec0000,0x0000000015fc0000)]

siginfo: ExceptionCode=0xc0000005, reading address 0x0000000000000000

Registers:
RAX=0x0000000000000d95, RBX=0x000000000000016e, RCX=0x00000000132ecce0, RDX=0x0000000000000000
RSP=0x0000000015fbf210, RBP=0x000000000000010f, RSI=0x0000000017a90270, RDI=0x00000000161bd650
R8 =0x0000000017025d70, R9 =0x0000000000000075, R10=0x000000000000016e, R11=0x0000000000000075
R12=0x000000000000021e, R13=0x0000000017a903c0, R14=0x0000000016d59710, R15=0x000000000000032d
RIP=0x0000000067a92495, EFLAGS=0x0000000000010287

Top of Stack: (sp=0x0000000015fbf210)
0x0000000015fbf210:   0000000000000000 0000000017a90270
0x0000000015fbf220:   0000941087ac40ad 0000000067a79eb2
0x0000000015fbf230:   000000001452d980 00000000144e72b0
0x0000000015fbf240:   00000000ffffffff 0000000067e3a6f0
0x0000000015fbf250:   0000000000000000 0000000067a9a02b
0x0000000015fbf260:   0000000017a90270 0000000017a90270
0x0000000015fbf270:   000000001452d9c0 0000000000000000
0x0000000015fbf280:   0000000015fbf5c0 0000000067a78b00
0x0000000015fbf290:   0000000015fbf5c0 0000000067e3a6f0
0x0000000015fbf2a0:   0000000067e3a6f0 0000000067a8af30
0x0000000015fbf2b0:   0000000017330000 0000000000000000
0x0000000015fbf2c0:   00000000177eaf50 0000000015fbf300
0x0000000015fbf2d0:   000000001634ec90 0000000000000000
0x0000000015fbf2e0:   0000000000000000 0000000000000007
0x0000000015fbf2f0:   0000000067cbeb68 0000000000000001
0x0000000015fbf300:   0000000067cbeb58 0000000015fbf5c0 

Instructions: (pc=0x0000000067a92495)
0x0000000067a92475:   4d 3b d4 7d 1f 49 8b 45 08 4a 8b 0c c8 49 8b 46
0x0000000067a92485:   08 4c 8b 41 08 4a 8b 0c d0 48 8b 51 08 41 8b 00
0x0000000067a92495:   39 02 7e 14 49 8b 45 08 4b 8d 14 11 41 ff c3 4a
0x0000000067a924a5:   8b 04 c8 49 ff c1 eb 11 49 8b 46 08 4b 8d 14 11 


Register to memory mapping:

RAX=0x0000000000000d95 is an unknown value
RBX=0x000000000000016e is an unknown value
RCX=0x00000000132ecce0 is an unknown value
RDX=0x0000000000000000 is an unknown value
RSP=0x0000000015fbf210 is pointing into the stack for thread: 0x000000001452d000
RBP=0x000000000000010f is an unknown value
RSI=0x0000000017a90270 is an unknown value
RDI=0x00000000161bd650 is an unknown value
R8 =0x0000000017025d70 is an unknown value
R9 =0x0000000000000075 is an unknown value
R10=0x000000000000016e is an unknown value
R11=0x0000000000000075 is an unknown value
R12=0x000000000000021e is an unknown value
R13=0x0000000017a903c0 is an unknown value
R14=0x0000000016d59710 is an unknown value
R15=0x000000000000032d is an unknown value


Stack: [0x0000000015ec0000,0x0000000015fc0000],  sp=0x0000000015fbf210,  free space=1020k
Native frames: (J=compiled Java code, j=interpreted, Vv=VM code, C=native code)
V  [jvm.dll+0x422495]
V  [jvm.dll+0x42a02b]
V  [jvm.dll+0x408b00]
V  [jvm.dll+0x408ed0]
V  [jvm.dll+0x409002]
V  [jvm.dll+0x4091d1]
V  [jvm.dll+0x4093df]
V  [jvm.dll+0xa4662]
V  [jvm.dll+0xa4f9f]
V  [jvm.dll+0x243134]
V  [jvm.dll+0x299f6a]
C  [msvcr100.dll+0x21d9f]
C  [msvcr100.dll+0x21e3b]
C  [KERNEL32.DLL+0x13d2]
C  [ntdll.dll+0x15444]


Current CompileTask:
C1:   9507 1436   !   1       com.android.dx.cf.code.BytecodeArray::parseInstruction (2764 bytes)


---------------  P R O C E S S  ---------------

Java Threads: ( => current thread )
  0x0000000015fec800 JavaThread "Service Thread" daemon [_thread_blocked, id=6384, stack(0x00000000163c0000,0x00000000164c0000)]
=>0x000000001452d000 JavaThread "C1 CompilerThread2" daemon [_thread_in_native, id=3312, stack(0x0000000015ec0000,0x0000000015fc0000)]
  0x0000000014520800 JavaThread "C2 CompilerThread1" daemon [_thread_blocked, id=5152, stack(0x0000000015dc0000,0x0000000015ec0000)]
  0x0000000014518800 JavaThread "C2 CompilerThread0" daemon [_thread_in_native, id=6648, stack(0x0000000015cc0000,0x0000000015dc0000)]
  0x0000000014517000 JavaThread "Attach Listener" daemon [_thread_blocked, id=9232, stack(0x0000000015bc0000,0x0000000015cc0000)]
  0x0000000014516000 JavaThread "Signal Dispatcher" daemon [_thread_blocked, id=9772, stack(0x0000000015ac0000,0x0000000015bc0000)]
  0x0000000001e46000 JavaThread "Finalizer" daemon [_thread_blocked, id=3268, stack(0x0000000015780000,0x0000000015880000)]
  0x0000000001e3d000 JavaThread "Reference Handler" daemon [_thread_blocked, id=4280, stack(0x0000000015680000,0x0000000015780000)]
  0x0000000001d50800 JavaThread "main" [_thread_in_Java, id=2784, stack(0x0000000001c50000,0x0000000001d50000)]

Other Threads:
  0x00000000144e7800 VMThread [stack: 0x0000000015580000,0x0000000015680000] [id=720]
  0x0000000016012800 WatcherThread [stack: 0x00000000164c0000,0x00000000165c0000] [id=8816]

VM state:not at safepoint (normal execution)

VM Mutex/Monitor currently owned by a thread: None

Heap:
 PSYoungGen      total 71680K, used 48210K [0x00000000eab00000, 0x00000000ef600000, 0x0000000100000000)
  eden space 66560K, 64% used [0x00000000eab00000,0x00000000ed51a028,0x00000000eec00000)
  from space 5120K, 99% used [0x00000000ef100000,0x00000000ef5faab8,0x00000000ef600000)
  to   space 5120K, 0% used [0x00000000eec00000,0x00000000eec00000,0x00000000ef100000)
 ParOldGen       total 87552K, used 6787K [0x00000000c0000000, 0x00000000c5580000, 0x00000000eab00000)
  object space 87552K, 7% used [0x00000000c0000000,0x00000000c06a0fe0,0x00000000c5580000)
 Metaspace       used 6258K, capacity 7216K, committed 7296K, reserved 1056768K
  class space    used 609K, capacity 616K, committed 640K, reserved 1048576K

Card table byte_map: [0x0000000011210000,0x0000000011420000] byte_map_base: 0x0000000010c10000

Marking Bits: (ParMarkBitMap*) 0x0000000067e7a5b0
 Begin Bits: [0x0000000011980000, 0x0000000012980000)
 End Bits:   [0x0000000012980000, 0x0000000013980000)

Polling page: 0x00000000003f0000

CodeCache: size=245760Kb used=6595Kb max_used=6608Kb free=239164Kb
 bounds [0x0000000001e50000, 0x00000000024d0000, 0x0000000010e50000]
 total_blobs=1801 nmethods=1532 adapters=182
 compilation: enabled

Compilation events (10 events):
Event: 6.235 Thread 0x0000000014520800 1424       4       com.android.dx.ssa.LocalVariableExtractor::processBlock (383 bytes)
Event: 6.237 Thread 0x000000001452d000 1431       3       com.android.dx.rop.cst.CstKnownNull::equals (5 bytes)
Event: 6.237 Thread 0x000000001452d000 nmethod 1431 0x0000000002405750 code [0x00000000024058a0, 0x0000000002405af0]
Event: 6.241 Thread 0x000000001452d000 1432       3       com.android.dx.ssa.Dominators::<init> (55 bytes)
Event: 6.242 Thread 0x000000001452d000 nmethod 1432 0x0000000002408750 code [0x00000000024088e0, 0x0000000002408e30]
Event: 6.242 Thread 0x0000000014518800 nmethod 1408 0x0000000002409090 code [0x0000000002409240, 0x000000000240a058]
Event: 6.243 Thread 0x0000000014518800 1429       4       com.android.dx.ssa.SCCP::simulateBranch (666 bytes)
Event: 6.246 Thread 0x000000001452d000 1435       3       com.android.dx.cf.code.Simulator$SimVisitor::visitBranch (341 bytes)
Event: 6.248 Thread 0x000000001452d000 nmethod 1435 0x0000000002403ad0 code [0x0000000002403d60, 0x0000000002404e48]
Event: 6.249 Thread 0x000000001452d000 1436   !   1       com.android.dx.cf.code.BytecodeArray::parseInstruction (2764 bytes)

GC Heap History (2 events):
Event: 5.349 GC heap before
{Heap before GC invocations=1 (full 0):
 PSYoungGen      total 38400K, used 33280K [0x00000000eab00000, 0x00000000ed580000, 0x0000000100000000)
  eden space 33280K, 100% used [0x00000000eab00000,0x00000000ecb80000,0x00000000ecb80000)
  from space 5120K, 0% used [0x00000000ed080000,0x00000000ed080000,0x00000000ed580000)
  to   space 5120K, 0% used [0x00000000ecb80000,0x00000000ecb80000,0x00000000ed080000)
 ParOldGen       total 87552K, used 0K [0x00000000c0000000, 0x00000000c5580000, 0x00000000eab00000)
  object space 87552K, 0% used [0x00000000c0000000,0x00000000c0000000,0x00000000c5580000)
 Metaspace       used 5917K, capacity 6960K, committed 7040K, reserved 1056768K
  class space    used 589K, capacity 616K, committed 640K, reserved 1048576K
Event: 5.623 GC heap after
Heap after GC invocations=1 (full 0):
 PSYoungGen      total 38400K, used 5098K [0x00000000eab00000, 0x00000000ef600000, 0x0000000100000000)
  eden space 33280K, 0% used [0x00000000eab00000,0x00000000eab00000,0x00000000ecb80000)
  from space 5120K, 99% used [0x00000000ecb80000,0x00000000ed07aab8,0x00000000ed080000)
  to   space 5120K, 0% used [0x00000000ef100000,0x00000000ef100000,0x00000000ef600000)
 ParOldGen       total 87552K, used 1745K [0x00000000c0000000, 0x00000000c5580000, 0x00000000eab00000)
  object space 87552K, 1% used [0x00000000c0000000,0x00000000c01b4770,0x00000000c5580000)
 Metaspace       used 5917K, capacity 6960K, committed 7040K, reserved 1056768K
  class space    used 589K, capacity 616K, committed 640K, reserved 1048576K
}

Deoptimization events (9 events):
Event: 2.838 Thread 0x0000000016229800 Uncommon trap: reason=unstable_if action=reinterpret pc=0x000000000205a79c method=java.util.HashMap.getNode(ILjava/lang/Object;)Ljava/util/HashMap$Node; @ 129
Event: 3.195 Thread 0x0000000016229800 Uncommon trap: reason=unstable_if action=reinterpret pc=0x0000000002053170 method=java.util.BitSet.nextSetBit(I)I @ 87
Event: 3.202 Thread 0x0000000016229800 Uncommon trap: reason=null_check action=make_not_entrant pc=0x0000000002116958 method=com.android.dx.ssa.SsaRenamer.getLocalForNewReg(I)Lcom/android/dx/rop/code/LocalItem; @ 19
Event: 3.433 Thread 0x0000000001d50800 Uncommon trap: reason=class_check action=maybe_recompile pc=0x000000000215dc50 method=com.android.dx.ssa.NormalSsaInsn.accept(Lcom/android/dx/ssa/SsaInsn$Visitor;)V @ 9
Event: 3.440 Thread 0x0000000016235000 Uncommon trap: reason=class_check action=maybe_recompile pc=0x000000000215dc50 method=com.android.dx.ssa.NormalSsaInsn.accept(Lcom/android/dx/ssa/SsaInsn$Visitor;)V @ 9
Event: 3.440 Thread 0x0000000016235000 Uncommon trap: reason=class_check action=maybe_recompile pc=0x00000000020822b0 method=com.android.dx.ssa.NormalSsaInsn.accept(Lcom/android/dx/ssa/SsaInsn$Visitor;)V @ 9
Event: 3.440 Thread 0x0000000016235000 Uncommon trap: reason=class_check action=maybe_recompile pc=0x00000000020822b0 method=com.android.dx.ssa.NormalSsaInsn.accept(Lcom/android/dx/ssa/SsaInsn$Visitor;)V @ 9
Event: 3.858 Thread 0x0000000016229800 Uncommon trap: reason=class_check action=maybe_recompile pc=0x000000000215dc50 method=com.android.dx.ssa.NormalSsaInsn.accept(Lcom/android/dx/ssa/SsaInsn$Visitor;)V @ 9
Event: 5.195 Thread 0x0000000016234800 Uncommon trap: reason=null_check action=make_not_entrant pc=0x000000000217e9e8 method=com.android.dx.rop.type.Type.equals(Ljava/lang/Object;)Z @ 8

Internal exceptions (4 events):
Event: 0.090 Thread 0x0000000001d50800 Exception <a 'java/lang/NoSuchMethodError': Method sun.misc.Unsafe.defineClass(Ljava/lang/String;[BII)Ljava/lang/Class; name or signature does not match> (0x00000000eab0d438) thrown at [C:\re\workspace\8-2-build-windows-amd64-cygwin\jdk8u60\4407\hotspot\srGxè )·?
Event: 0.090 Thread 0x0000000001d50800 Exception <a 'java/lang/NoSuchMethodError': Method sun.misc.Unsafe.prefetchRead(Ljava/lang/Object;J)V name or signature does not match> (0x00000000eab0d720) thrown at [C:\re\workspace\8-2-build-windows-amd64-cygwin\jdk8u60\4407\hotspot\src\share\vm\prims\j¤4¿ƒž	@
Event: 3.202 Thread 0x0000000016229800 Implicit null exception at 0x0000000002114928 to 0x0000000002116915
Event: 5.195 Thread 0x0000000016234800 Implicit null exception at 0x000000000217e8e2 to 0x000000000217e9da

Events (10 events):
Event: 4.305 Executing VM operation: EnableBiasedLocking done
Event: 5.195 Thread 0x0000000016234800 Uncommon trap: trap_request=0xfffffff4 fr.pc=0x000000000217e9e8
Event: 5.195 Thread 0x0000000016234800 DEOPT PACKING pc=0x000000000217e9e8 sp=0x00000000168beb10
Event: 5.195 Thread 0x0000000016234800 DEOPT UNPACKING pc=0x0000000001e9582a sp=0x00000000168bea98 mode 2
Event: 5.348 Executing VM operation: ParallelGCFailedAllocation
Event: 5.624 Executing VM operation: ParallelGCFailedAllocation done
Event: 5.741 loading class com/android/dx/cf/code/BytecodeArray$ConstantParserVisitor
Event: 5.741 loading class com/android/dx/cf/code/BytecodeArray$ConstantParserVisitor done
Event: 5.752 loading class com/android/dx/cf/code/SwitchList
Event: 5.752 loading class com/android/dx/cf/code/SwitchList done


Dynamic libraries:
0x00007ff73cc10000 - 0x00007ff73cc47000 	C:\Program Files\Java\jdk1.8.0_60\bin\java.exe
0x00007ffd54f80000 - 0x00007ffd5512c000 	C:\windows\SYSTEM32\ntdll.dll
0x00007ffd54e40000 - 0x00007ffd54f7e000 	C:\windows\system32\KERNEL32.DLL
0x00007ffd52390000 - 0x00007ffd524a5000 	C:\windows\system32\KERNELBASE.dll
0x00007ffd50200000 - 0x00007ffd5028e000 	C:\windows\system32\apphelp.dll
0x00007ffd48bc0000 - 0x00007ffd48c13000 	C:\windows\AppPatch\AppPatch64\AcGenral.DLL
0x00007ffd54ba0000 - 0x00007ffd54c4a000 	C:\windows\system32\msvcrt.dll
0x00007ffd51bb0000 - 0x00007ffd51bde000 	C:\windows\SYSTEM32\SspiCli.dll
0x00007ffd52d60000 - 0x00007ffd52db4000 	C:\windows\system32\SHLWAPI.dll
0x00007ffd54cb0000 - 0x00007ffd54e27000 	C:\windows\system32\USER32.dll
0x00007ffd529a0000 - 0x00007ffd52b34000 	C:\windows\system32\ole32.dll
0x00007ffd53130000 - 0x00007ffd54649000 	C:\windows\system32\SHELL32.dll
0x00007ffd51360000 - 0x00007ffd51381000 	C:\windows\SYSTEM32\USERENV.dll
0x00007ffd52650000 - 0x00007ffd526fa000 	C:\windows\system32\ADVAPI32.dll
0x00007ffd47050000 - 0x00007ffd4706e000 	C:\windows\SYSTEM32\MPR.dll
0x00007ffd52700000 - 0x00007ffd52841000 	C:\windows\system32\RPCRT4.dll
0x00007ffd54a50000 - 0x00007ffd54aa9000 	C:\windows\SYSTEM32\sechost.dll
0x00007ffd52b40000 - 0x00007ffd52d51000 	C:\windows\SYSTEM32\combase.dll
0x00007ffd52850000 - 0x00007ffd529a0000 	C:\windows\system32\GDI32.dll
0x00007ffd520e0000 - 0x00007ffd520f5000 	C:\windows\SYSTEM32\profapi.dll
0x00007ffd51150000 - 0x00007ffd51202000 	C:\windows\SYSTEM32\SHCORE.dll
0x00007ffd52610000 - 0x00007ffd52646000 	C:\windows\system32\IMM32.DLL
0x00007ffd52dd0000 - 0x00007ffd52f22000 	C:\windows\system32\MSCTF.dll
0x00007ffd51c50000 - 0x00007ffd51eca000 	C:\windows\WinSxS\amd64_microsoft.windows.common-controls_6595b64144ccf1df_6.0.9600.17810_none_6240b9c7ecbd0bda\COMCTL32.dll
0x0000000067250000 - 0x0000000067322000 	C:\Program Files\Java\jdk1.8.0_60\jre\bin\msvcr100.dll
0x0000000067670000 - 0x0000000067ef9000 	C:\Program Files\Java\jdk1.8.0_60\jre\bin\server\jvm.dll
0x00007ffd46ef0000 - 0x00007ffd46ef9000 	C:\windows\SYSTEM32\WSOCK32.dll
0x00007ffd49d50000 - 0x00007ffd49d72000 	C:\windows\SYSTEM32\WINMM.dll
0x00007ffd4c1d0000 - 0x00007ffd4c1da000 	C:\windows\SYSTEM32\VERSION.dll
0x00007ffd54ab0000 - 0x00007ffd54ab7000 	C:\windows\system32\PSAPI.DLL
0x00007ffd549f0000 - 0x00007ffd54a4a000 	C:\windows\system32\WS2_32.dll
0x00007ffd49b90000 - 0x00007ffd49bba000 	C:\windows\SYSTEM32\WINMMBASE.dll
0x00007ffd52dc0000 - 0x00007ffd52dc9000 	C:\windows\system32\NSI.dll
0x00007ffd524b0000 - 0x00007ffd524ff000 	C:\windows\SYSTEM32\cfgmgr32.dll
0x00007ffd50450000 - 0x00007ffd50478000 	C:\windows\SYSTEM32\DEVOBJ.dll
0x0000000068d70000 - 0x0000000068d7f000 	C:\Program Files\Java\jdk1.8.0_60\jre\bin\verify.dll
0x0000000068d40000 - 0x0000000068d69000 	C:\Program Files\Java\jdk1.8.0_60\jre\bin\java.dll
0x0000000068d20000 - 0x0000000068d36000 	C:\Program Files\Java\jdk1.8.0_60\jre\bin\zip.dll
0x00007ffd3dca0000 - 0x00007ffd3de29000 	C:\windows\SYSTEM32\dbghelp.dll

VM Arguments:
jvm_args: -Xmx1024M -Dfile.encoding=windows-1252 -Duser.country=IN -Duser.language=en -Duser.variant 
java_command: com.android.dx.command.Main --dex --num-threads=4 --output D:\WebShopWorkSpace\WEBSHOP\app\build\intermediates\pre-dexed\debug\gson-2.3.1-d26b4e2cdd4ff02aee8c67ca3bd53c4df0c7878c.jar C:\Users\shivkanya.i\.gradle\caches\modules-2\files-2.1\com.google.code.gson\gson\2.3.1\ecb6e1f8e4b0e84c4b886c2f14a1500caf309757\gson-2.3.1.jar
java_class_path (initial): C:\Users\shivkanya.i\AppData\Local\Android\Sdk\build-tools\23.0.1\lib\dx.jar
Launcher Type: SUN_STANDARD

Environment Variables:
PATH=C:\ProgramData\Oracle\Java\javapath;C:\Program Files (x86)\Lenovo\FusionEngine;C:\Program Files (x86)\Intel\iCLS Client\;C:\Program Files\Intel\iCLS Client\;C:\windows\system32;C:\windows;C:\windows\System32\Wbem;C:\windows\System32\WindowsPowerShell\v1.0\;C:\Program Files\Intel\Intel(R) Management Engine Components\DAL;C:\Program Files\Intel\Intel(R) Management Engine Components\IPT;C:\Program Files (x86)\Intel\Intel(R) Management Engine Components\DAL;C:\Program Files (x86)\Intel\Intel(R) Management Engine Components\IPT;C:\Program Files (x86)\Common Files\lenovo\easyplussdk\bin;C:\Program Files (x86)\Kaspersky Lab\Kaspersky Endpoint Security 10 for Windows\;C:\Program Files (x86)\Skype\Phone\;C:\Program Files (x86)\GtkSharp\2.12\bin
USERNAME=shivkanya.i
OS=Windows_NT
PROCESSOR_IDENTIFIER=Intel64 Family 6 Model 69 Stepping 1, GenuineIntel



---------------  S Y S T E M  ---------------

OS: Windows 8.1 , 64 bit Build 9600 (6.3.9600.17415)

CPU:total 4 (2 cores per cpu, 2 threads per core) family 6 model 69 stepping 1, cmov, cx8, fxsr, mmx, sse, sse2, sse3, ssse3, sse4.1, sse4.2, popcnt, avx, avx2, aes, clmul, erms, lzcnt, ht, tsc, tscinvbit, bmi1, bmi2

Memory: 4k page, physical 8278296k(1451344k free), swap 16666904k(9473696k free)

vm_info: Java HotSpot(TM) 64-Bit Server VM (25.60-b23) for windows-amd64 JRE (1.8.0_60-b27), built on Aug  4 2015 11:06:27 by "java_re" with MS VC++ 10.0 (VS2010)

time: Tue Apr 12 15:38:36 2016
elapsed time: 9 seconds (0d 0h 0m 9s)

